2022-11-03T05:12:13.858Z [32minfo[39m: log malumotlari
2022-11-03T05:12:13.861Z [31merror[39m: error malumotlari
2022-11-03T05:12:13.861Z [33mwarn[39m: warn malumotlari
2022-11-03T05:12:13.861Z [32minfo[39m: info malumotlari
2022-11-03T05:12:17.989Z [32minfo[39m: log malumotlari
2022-11-03T05:12:17.999Z [31merror[39m: error malumotlari
2022-11-03T05:12:18.000Z [33mwarn[39m: warn malumotlari
2022-11-03T05:12:18.000Z [32minfo[39m: info malumotlari
2022-11-03T05:12:21.748Z [32minfo[39m: log malumotlari
2022-11-03T05:12:21.752Z [31merror[39m: error malumotlari
2022-11-03T05:12:21.754Z [33mwarn[39m: warn malumotlari
2022-11-03T05:12:21.755Z [32minfo[39m: info malumotlari
2022-11-03T05:13:50.457Z [32minfo[39m: log malumotlari
2022-11-03T05:13:50.463Z [31merror[39m: error malumotlari
2022-11-03T05:13:50.464Z [33mwarn[39m: warn malumotlari
2022-11-03T05:13:50.464Z [32minfo[39m: info malumotlari
2022-11-03T05:13:51.802Z [32minfo[39m: log malumotlari
2022-11-03T05:13:51.807Z [31merror[39m: error malumotlari
2022-11-03T05:13:51.810Z [33mwarn[39m: warn malumotlari
2022-11-03T05:13:51.811Z [32minfo[39m: info malumotlari
2022-11-03T05:13:58.381Z [32minfo[39m: log malumotlari
2022-11-03T05:13:58.383Z [31merror[39m: error malumotlari
2022-11-03T05:13:58.384Z [33mwarn[39m: warn malumotlari
2022-11-03T05:13:58.385Z [32minfo[39m: info malumotlari
2022-11-03T05:14:05.166Z [32minfo[39m: log malumotlari
2022-11-03T05:14:05.170Z [31merror[39m: error malumotlari
2022-11-03T05:14:05.175Z [33mwarn[39m: warn malumotlari
2022-11-03T05:14:05.175Z [32minfo[39m: info malumotlari
2022-11-03T05:14:06.657Z [32minfo[39m: log malumotlari
2022-11-03T05:14:06.659Z [31merror[39m: error malumotlari
2022-11-03T05:14:06.660Z [33mwarn[39m: warn malumotlari
2022-11-03T05:14:06.660Z [32minfo[39m: info malumotlari
2022-11-03T05:14:19.899Z [32minfo[39m: log malumotlari
2022-11-03T05:14:19.902Z [31merror[39m: error malumotlari
2022-11-03T05:14:19.903Z [33mwarn[39m: warn malumotlari
2022-11-03T05:14:19.903Z [32minfo[39m: info malumotlari
2022-11-03T05:15:05.586Z [32minfo[39m: log malumotlari
2022-11-03T05:15:05.588Z [31merror[39m: error malumotlari
2022-11-03T05:15:05.589Z [33mwarn[39m: warn malumotlari
2022-11-03T05:15:05.589Z [32minfo[39m: info malumotlari
2022-11-03T05:15:48.968Z [32minfo[39m: log malumotlari
2022-11-03T05:15:48.971Z [31merror[39m: error malumotlari
2022-11-03T05:15:48.972Z [33mwarn[39m: warn malumotlari
2022-11-03T05:15:48.972Z [32minfo[39m: info malumotlari
2022-11-03T05:15:53.484Z [32minfo[39m: log malumotlari
2022-11-03T05:15:53.488Z [31merror[39m: error malumotlari
2022-11-03T05:15:53.489Z [33mwarn[39m: warn malumotlari
2022-11-03T05:15:53.490Z [32minfo[39m: info malumotlari
2022-11-03T05:15:57.580Z [32minfo[39m: log malumotlari
2022-11-03T05:15:57.582Z [31merror[39m: error malumotlari
2022-11-03T05:15:57.583Z [33mwarn[39m: warn malumotlari
2022-11-03T05:15:57.583Z [32minfo[39m: info malumotlari
2022-11-03T05:22:15.433Z [32minfo[39m: log malumotlari
2022-11-03T05:22:15.435Z [31merror[39m: error malumotlari
2022-11-03T05:22:15.436Z [33mwarn[39m: warn malumotlari
2022-11-03T05:22:15.436Z [32minfo[39m: info malumotlari
2022-11-03T05:22:35.885Z [32minfo[39m: log malumotlari
2022-11-03T05:22:35.888Z [31merror[39m: error malumotlari
2022-11-03T05:22:35.888Z [33mwarn[39m: warn malumotlari
2022-11-03T05:22:35.888Z [32minfo[39m: info malumotlari
2022-11-03T05:22:41.151Z [32minfo[39m: log malumotlari
2022-11-03T05:22:41.153Z [31merror[39m: error malumotlari
2022-11-03T05:22:41.154Z [33mwarn[39m: warn malumotlari
2022-11-03T05:22:41.154Z [32minfo[39m: info malumotlari
2022-11-03T05:23:34.662Z [32minfo[39m: log malumotlari
2022-11-03T05:23:34.665Z [31merror[39m: error malumotlari
2022-11-03T05:23:34.666Z [33mwarn[39m: warn malumotlari
2022-11-03T05:23:34.667Z [32minfo[39m: info malumotlari
2022-11-03T05:24:25.786Z [32minfo[39m: log malumotlari
2022-11-03T05:24:25.789Z [31merror[39m: error malumotlari
2022-11-03T05:24:25.791Z [33mwarn[39m: warn malumotlari
2022-11-03T05:24:25.792Z [32minfo[39m: info malumotlari
2022-11-03T05:24:44.325Z [32minfo[39m: log malumotlari
2022-11-03T05:24:44.327Z [31merror[39m: error malumotlari
2022-11-03T05:24:44.332Z [33mwarn[39m: warn malumotlari
2022-11-03T05:24:44.332Z [32minfo[39m: info malumotlari
2022-11-03T05:24:47.493Z [32minfo[39m: log malumotlari
2022-11-03T05:24:47.495Z [31merror[39m: error malumotlari
2022-11-03T05:24:47.495Z [33mwarn[39m: warn malumotlari
2022-11-03T05:24:47.496Z [32minfo[39m: info malumotlari
2022-11-03T05:24:53.008Z [32minfo[39m: log malumotlari
2022-11-03T05:24:53.012Z [31merror[39m: error malumotlari
2022-11-03T05:24:53.014Z [33mwarn[39m: warn malumotlari
2022-11-03T05:24:53.014Z [32minfo[39m: info malumotlari
2022-11-03T05:24:57.328Z [32minfo[39m: log malumotlari
2022-11-03T05:24:57.330Z [31merror[39m: error malumotlari
2022-11-03T05:24:57.331Z [33mwarn[39m: warn malumotlari
2022-11-03T05:24:57.331Z [32minfo[39m: info malumotlari
2022-11-03T05:25:09.677Z [32minfo[39m: log malumotlari
2022-11-03T05:25:09.684Z [31merror[39m: error malumotlari
2022-11-03T05:25:09.684Z [33mwarn[39m: warn malumotlari
2022-11-03T05:25:09.685Z [32minfo[39m: info malumotlari
2022-11-03T05:25:12.628Z [32minfo[39m: log malumotlari
2022-11-03T05:25:12.630Z [31merror[39m: error malumotlari
2022-11-03T05:25:12.630Z [33mwarn[39m: warn malumotlari
2022-11-03T05:25:12.632Z [32minfo[39m: info malumotlari
2022-11-03T05:25:17.551Z [32minfo[39m: log malumotlari
2022-11-03T05:25:17.553Z [31merror[39m: error malumotlari
2022-11-03T05:25:17.553Z [33mwarn[39m: warn malumotlari
2022-11-03T05:25:17.553Z [32minfo[39m: info malumotlari
2022-11-03T05:25:22.671Z [32minfo[39m: log malumotlari
2022-11-03T05:25:22.673Z [31merror[39m: error malumotlari
2022-11-03T05:25:22.675Z [33mwarn[39m: warn malumotlari
2022-11-03T05:25:22.675Z [32minfo[39m: info malumotlari
2022-11-03T05:25:44.961Z [32minfo[39m: log malumotlari
2022-11-03T05:25:44.963Z [31merror[39m: error malumotlari
2022-11-03T05:25:44.963Z [33mwarn[39m: warn malumotlari
2022-11-03T05:25:44.964Z [32minfo[39m: info malumotlari
2022-11-03T05:25:48.581Z [32minfo[39m: log malumotlari
2022-11-03T05:25:48.584Z [31merror[39m: error malumotlari
2022-11-03T05:25:48.585Z [33mwarn[39m: warn malumotlari
2022-11-03T05:25:48.587Z [32minfo[39m: info malumotlari
2022-11-03T05:27:28.065Z [32minfo[39m: log malumotlari
2022-11-03T05:27:28.067Z [31merror[39m: error malumotlari
2022-11-03T05:27:28.068Z [33mwarn[39m: warn malumotlari
2022-11-03T05:27:28.068Z [32minfo[39m: info malumotlari
2022-11-03T05:42:29.522Z [32minfo[39m: log malumotlari
2022-11-03T05:42:29.524Z [31merror[39m: error malumotlari
2022-11-03T05:42:29.525Z [33mwarn[39m: warn malumotlari
2022-11-03T05:42:29.525Z [32minfo[39m: info malumotlari
2022-11-03T05:43:00.550Z [32minfo[39m: log malumotlari
2022-11-03T05:43:00.553Z [31merror[39m: error malumotlari
2022-11-03T05:43:00.558Z [33mwarn[39m: warn malumotlari
2022-11-03T05:43:00.558Z [32minfo[39m: info malumotlari
2022-11-03T05:43:04.169Z [32minfo[39m: log malumotlari
2022-11-03T05:43:04.172Z [31merror[39m: error malumotlari
2022-11-03T05:43:04.172Z [33mwarn[39m: warn malumotlari
2022-11-03T05:43:04.172Z [32minfo[39m: info malumotlari
2022-11-03T05:43:14.522Z [32minfo[39m: log malumotlari
2022-11-03T05:43:14.524Z [31merror[39m: error malumotlari
2022-11-03T05:43:14.525Z [33mwarn[39m: warn malumotlari
2022-11-03T05:43:14.526Z [32minfo[39m: info malumotlari
2022-11-03T05:43:17.441Z [32minfo[39m: log malumotlari
2022-11-03T05:43:17.444Z [31merror[39m: error malumotlari
2022-11-03T05:43:17.444Z [33mwarn[39m: warn malumotlari
2022-11-03T05:43:17.444Z [32minfo[39m: info malumotlari
2022-11-03T05:44:24.280Z [32minfo[39m: log malumotlari
2022-11-03T05:44:24.282Z [31merror[39m: error malumotlari
2022-11-03T05:44:24.283Z [33mwarn[39m: warn malumotlari
2022-11-03T05:44:24.283Z [32minfo[39m: info malumotlari
2022-11-03T05:44:28.293Z [32minfo[39m: log malumotlari
2022-11-03T05:44:28.296Z [31merror[39m: error malumotlari
2022-11-03T05:44:28.301Z [33mwarn[39m: warn malumotlari
2022-11-03T05:44:28.301Z [32minfo[39m: info malumotlari
2022-11-03T05:44:34.109Z [32minfo[39m: log malumotlari
2022-11-03T05:44:34.111Z [31merror[39m: error malumotlari
2022-11-03T05:44:34.112Z [33mwarn[39m: warn malumotlari
2022-11-03T05:44:34.112Z [32minfo[39m: info malumotlari
2022-11-03T05:44:52.884Z [32minfo[39m: log malumotlari
2022-11-03T05:44:52.886Z [31merror[39m: error malumotlari
2022-11-03T05:44:52.887Z [33mwarn[39m: warn malumotlari
2022-11-03T05:44:52.888Z [32minfo[39m: info malumotlari
2022-11-03T05:44:54.883Z [32minfo[39m: log malumotlari
2022-11-03T05:44:54.886Z [31merror[39m: error malumotlari
2022-11-03T05:44:54.886Z [33mwarn[39m: warn malumotlari
2022-11-03T05:44:54.887Z [32minfo[39m: info malumotlari
2022-11-03T05:45:25.423Z info: log malumotlari
2022-11-03T05:45:25.428Z error: error malumotlari
2022-11-03T05:45:25.428Z warn: warn malumotlari
2022-11-03T05:45:25.429Z info: info malumotlari
2022-11-03T05:45:27.432Z info: log malumotlari
2022-11-03T05:45:27.435Z error: error malumotlari
2022-11-03T05:45:27.436Z warn: warn malumotlari
2022-11-03T05:45:27.436Z info: info malumotlari
2022-11-03T05:58:42.103Z info: log malumotlari
2022-11-03T05:58:42.105Z error: error malumotlari
2022-11-03T05:58:42.107Z warn: warn malumotlari
2022-11-03T05:58:42.107Z info: info malumotlari
2022-11-03T05:58:53.110Z info: log malumotlari
2022-11-03T05:58:53.112Z error: error malumotlari
2022-11-03T05:58:53.113Z warn: warn malumotlari
2022-11-03T05:58:53.113Z info: info malumotlari
